<?xml version="1.0" encoding="UTF-8"?>
<testsuites name="Test Suite6673" time="64.877" tests="3" failures="0" errors="0">
   <testsuite name="Test Suite6673" tests="3" failures="0" errors="0" time="64.877" timestamp="2020-12-30 14:06:53" hostname="filip - DESKTOP-UIEBVAC" id="Test Suites/Test Suite6673">
      <properties>
         <property name="deviceName" value=""/>
         <property name="devicePlatform" value=""/>
         <property name="logFolder" value="C:\\Users\\filip\\git\\katolon-projekt-6673\\Reports\\20201230_140649\\Test Suite6673\\20201230_140650"/>
         <property name="logFiles" value="C:\\Users\\filip\\git\\katolon-projekt-6673\\Reports\\20201230_140649\\Test Suite6673\\20201230_140650\\execution0.log"/>
         <property name="attachments" value=""/>
         <property name="hostName" value="filip - DESKTOP-UIEBVAC"/>
         <property name="os" value="Windows 10 64bit"/>
         <property name="katalonVersion" value="7.7.2.205"/>
         <property name="browser" value="Firefox 84.0"/>
         <property name="hostAddress" value="192.168.0.109"/>
         <property name="sessionId" value="1bdc2f71-c2c3-4c96-9945-0a2435f87d72"/>
         <property name="seleniumVersion" value="3.141.59"/>
         <property name="proxyInformation" value="ProxyInformation { proxyOption=NO_PROXY, proxyServerType=HTTP, username=, password=********, proxyServerAddress=, proxyServerPort=0, executionList=&quot;&quot;, isApplyToDesiredCapabilities=true }"/>
         <property name="platform" value="Windows 10"/>
      </properties>
      <testcase name="Test Cases/zaliczenie6673" time="23.32" classname="Test Cases/zaliczenie6673" status="PASSED">
         <system-out><![CDATA[2020-12-30 14:06:53 - [TEST_CASE][PASSED] - Test Cases/zaliczenie6673: Test Cases/zaliczenie6673

2020-12-30 14:06:53 - [TEST_STEP][PASSED] - openBrowser(""): Browser is opened with url: ''

2020-12-30 14:06:54 - [MESSAGE][INFO] - Starting 'Firefox' driver

2020-12-30 14:06:54 - [MESSAGE][INFO] - Action delay is set to 0 milliseconds

2020-12-30 14:06:58 - [MESSAGE][PASSED] - Browser is opened with url: ''

2020-12-30 14:06:58 - [TEST_STEP][PASSED] - navigateToUrl("https://www.eobuwie.com.pl/"): Navigate to 'https://www.eobuwie.com.pl/' successfully

2020-12-30 14:07:01 - [MESSAGE][PASSED] - Navigate to 'https://www.eobuwie.com.pl/' successfully

2020-12-30 14:07:01 - [TEST_STEP][PASSED] - click(findTestObject("Object Repository/Page_Modne buty damskie, mskie, dziecice or_731cfb/button_Akceptuj")): Object: 'Object Repository/Page_Modne buty damskie, mskie, dziecice or_731cfb/button_Akceptuj' is clicked on

2020-12-30 14:07:04 - [MESSAGE][PASSED] - Object: 'Object Repository/Page_Modne buty damskie, mskie, dziecice or_731cfb/button_Akceptuj' is clicked on

2020-12-30 14:07:04 - [TEST_STEP][PASSED] - click(findTestObject("Object Repository/Page_Modne buty damskie, mskie, dziecice or_731cfb/a_Zarejestruj")): Object: 'Object Repository/Page_Modne buty damskie, mskie, dziecice or_731cfb/a_Zarejestruj' is clicked on

2020-12-30 14:07:06 - [MESSAGE][PASSED] - Object: 'Object Repository/Page_Modne buty damskie, mskie, dziecice or_731cfb/a_Zarejestruj' is clicked on

2020-12-30 14:07:06 - [TEST_STEP][PASSED] - setText(findTestObject("Object Repository/Page_Utwrz nowe konto klienta  eobuwie.pl/input_Za nowe konto_firstname"), Imie): Text 'Jola' is set on object 'Object Repository/Page_Utwrz nowe konto klienta  eobuwie.pl/input_Za nowe konto_firstname'

2020-12-30 14:07:07 - [MESSAGE][PASSED] - Text 'Jola' is set on object 'Object Repository/Page_Utwrz nowe konto klienta  eobuwie.pl/input_Za nowe konto_firstname'

2020-12-30 14:07:07 - [TEST_STEP][PASSED] - setText(findTestObject("Object Repository/Page_Utwrz nowe konto klienta  eobuwie.pl/input_Imi_lastname"), Nazwisko): Text 'Nowak' is set on object 'Object Repository/Page_Utwrz nowe konto klienta  eobuwie.pl/input_Imi_lastname'

2020-12-30 14:07:08 - [MESSAGE][PASSED] - Text 'Nowak' is set on object 'Object Repository/Page_Utwrz nowe konto klienta  eobuwie.pl/input_Imi_lastname'

2020-12-30 14:07:08 - [TEST_STEP][PASSED] - setText(findTestObject("Object Repository/Page_Utwrz nowe konto klienta  eobuwie.pl/input_Nazwisko_email"), Email): Text 'jnowak56@wp.pl' is set on object 'Object Repository/Page_Utwrz nowe konto klienta  eobuwie.pl/input_Nazwisko_email'

2020-12-30 14:07:08 - [MESSAGE][PASSED] - Text 'jnowak56@wp.pl' is set on object 'Object Repository/Page_Utwrz nowe konto klienta  eobuwie.pl/input_Nazwisko_email'

2020-12-30 14:07:08 - [TEST_STEP][PASSED] - setText(findTestObject("Object Repository/Page_Utwrz nowe konto klienta  eobuwie.pl/input_Adres e-mail_password"), Haslo): Text 'nowak45' is set on object 'Object Repository/Page_Utwrz nowe konto klienta  eobuwie.pl/input_Adres e-mail_password'

2020-12-30 14:07:09 - [MESSAGE][PASSED] - Text 'nowak45' is set on object 'Object Repository/Page_Utwrz nowe konto klienta  eobuwie.pl/input_Adres e-mail_password'

2020-12-30 14:07:09 - [TEST_STEP][PASSED] - setText(findTestObject("Object Repository/Page_Utwrz nowe konto klienta  eobuwie.pl/input_Haso_confirmation"), ReHaslo): Text 'nowak45' is set on object 'Object Repository/Page_Utwrz nowe konto klienta  eobuwie.pl/input_Haso_confirmation'

2020-12-30 14:07:10 - [MESSAGE][PASSED] - Text 'nowak45' is set on object 'Object Repository/Page_Utwrz nowe konto klienta  eobuwie.pl/input_Haso_confirmation'

2020-12-30 14:07:10 - [TEST_STEP][PASSED] - click(findTestObject("Object Repository/Page_Utwrz nowe konto klienta  eobuwie.pl/svg")): Object: 'Object Repository/Page_Utwrz nowe konto klienta  eobuwie.pl/svg' is clicked on

2020-12-30 14:07:11 - [MESSAGE][PASSED] - Object: 'Object Repository/Page_Utwrz nowe konto klienta  eobuwie.pl/svg' is clicked on

2020-12-30 14:07:11 - [TEST_STEP][PASSED] - click(findTestObject("Object Repository/Page_Utwrz nowe konto klienta  eobuwie.pl/svg_1")): Object: 'Object Repository/Page_Utwrz nowe konto klienta  eobuwie.pl/svg_1' is clicked on

2020-12-30 14:07:11 - [MESSAGE][PASSED] - Object: 'Object Repository/Page_Utwrz nowe konto klienta  eobuwie.pl/svg_1' is clicked on

2020-12-30 14:07:11 - [TEST_STEP][PASSED] - click(findTestObject("Object Repository/Page_Utwrz nowe konto klienta  eobuwie.pl/button_Za nowe konto")): Object: 'Object Repository/Page_Utwrz nowe konto klienta  eobuwie.pl/button_Za nowe konto' is clicked on

2020-12-30 14:07:14 - [MESSAGE][PASSED] - Object: 'Object Repository/Page_Utwrz nowe konto klienta  eobuwie.pl/button_Za nowe konto' is clicked on

2020-12-30 14:07:14 - [TEST_STEP][PASSED] - click(findTestObject("Object Repository/Page_Moje konto  eobuwie.pl/a_Zarzdzaj adresami")): Object: 'Object Repository/Page_Moje konto  eobuwie.pl/a_Zarzdzaj adresami' is clicked on

2020-12-30 14:07:16 - [MESSAGE][PASSED] - Object: 'Object Repository/Page_Moje konto  eobuwie.pl/a_Zarzdzaj adresami' is clicked on]]></system-out>
         <system-err><![CDATA[]]></system-err>
      </testcase>
      <testcase name="Test Cases/zaliczenie6673" time="19.515" classname="Test Cases/zaliczenie6673" status="PASSED">
         <system-out><![CDATA[2020-12-30 14:07:16 - [TEST_CASE][PASSED] - Test Cases/zaliczenie6673: Test Cases/zaliczenie6673

2020-12-30 14:07:16 - [TEST_STEP][PASSED] - openBrowser(""): Browser is opened with url: ''

2020-12-30 14:07:16 - [MESSAGE][WARNING] - A browser is already opened. Closing browser and opening a new one

2020-12-30 14:07:17 - [MESSAGE][INFO] - Starting 'Firefox' driver

2020-12-30 14:07:17 - [MESSAGE][INFO] - Action delay is set to 0 milliseconds

2020-12-30 14:07:21 - [MESSAGE][PASSED] - Browser is opened with url: ''

2020-12-30 14:07:21 - [TEST_STEP][PASSED] - navigateToUrl("https://www.eobuwie.com.pl/"): Navigate to 'https://www.eobuwie.com.pl/' successfully

2020-12-30 14:07:24 - [MESSAGE][PASSED] - Navigate to 'https://www.eobuwie.com.pl/' successfully

2020-12-30 14:07:24 - [TEST_STEP][PASSED] - click(findTestObject("Object Repository/Page_Modne buty damskie, mskie, dziecice or_731cfb/button_Akceptuj")): Object: 'Object Repository/Page_Modne buty damskie, mskie, dziecice or_731cfb/button_Akceptuj' is clicked on

2020-12-30 14:07:25 - [MESSAGE][PASSED] - Object: 'Object Repository/Page_Modne buty damskie, mskie, dziecice or_731cfb/button_Akceptuj' is clicked on

2020-12-30 14:07:25 - [TEST_STEP][PASSED] - click(findTestObject("Object Repository/Page_Modne buty damskie, mskie, dziecice or_731cfb/a_Zarejestruj")): Object: 'Object Repository/Page_Modne buty damskie, mskie, dziecice or_731cfb/a_Zarejestruj' is clicked on

2020-12-30 14:07:26 - [MESSAGE][PASSED] - Object: 'Object Repository/Page_Modne buty damskie, mskie, dziecice or_731cfb/a_Zarejestruj' is clicked on

2020-12-30 14:07:26 - [TEST_STEP][PASSED] - setText(findTestObject("Object Repository/Page_Utwrz nowe konto klienta  eobuwie.pl/input_Za nowe konto_firstname"), Imie): Text 'Jacek' is set on object 'Object Repository/Page_Utwrz nowe konto klienta  eobuwie.pl/input_Za nowe konto_firstname'

2020-12-30 14:07:27 - [MESSAGE][PASSED] - Text 'Jacek' is set on object 'Object Repository/Page_Utwrz nowe konto klienta  eobuwie.pl/input_Za nowe konto_firstname'

2020-12-30 14:07:27 - [TEST_STEP][PASSED] - setText(findTestObject("Object Repository/Page_Utwrz nowe konto klienta  eobuwie.pl/input_Imi_lastname"), Nazwisko): Text 'Groch' is set on object 'Object Repository/Page_Utwrz nowe konto klienta  eobuwie.pl/input_Imi_lastname'

2020-12-30 14:07:28 - [MESSAGE][PASSED] - Text 'Groch' is set on object 'Object Repository/Page_Utwrz nowe konto klienta  eobuwie.pl/input_Imi_lastname'

2020-12-30 14:07:28 - [TEST_STEP][PASSED] - setText(findTestObject("Object Repository/Page_Utwrz nowe konto klienta  eobuwie.pl/input_Nazwisko_email"), Email): Text 'jgroch78@o2.pl' is set on object 'Object Repository/Page_Utwrz nowe konto klienta  eobuwie.pl/input_Nazwisko_email'

2020-12-30 14:07:29 - [MESSAGE][PASSED] - Text 'jgroch78@o2.pl' is set on object 'Object Repository/Page_Utwrz nowe konto klienta  eobuwie.pl/input_Nazwisko_email'

2020-12-30 14:07:29 - [TEST_STEP][PASSED] - setText(findTestObject("Object Repository/Page_Utwrz nowe konto klienta  eobuwie.pl/input_Adres e-mail_password"), Haslo): Text '5groch5' is set on object 'Object Repository/Page_Utwrz nowe konto klienta  eobuwie.pl/input_Adres e-mail_password'

2020-12-30 14:07:29 - [MESSAGE][PASSED] - Text '5groch5' is set on object 'Object Repository/Page_Utwrz nowe konto klienta  eobuwie.pl/input_Adres e-mail_password'

2020-12-30 14:07:29 - [TEST_STEP][PASSED] - setText(findTestObject("Object Repository/Page_Utwrz nowe konto klienta  eobuwie.pl/input_Haso_confirmation"), ReHaslo): Text '5groch5' is set on object 'Object Repository/Page_Utwrz nowe konto klienta  eobuwie.pl/input_Haso_confirmation'

2020-12-30 14:07:30 - [MESSAGE][PASSED] - Text '5groch5' is set on object 'Object Repository/Page_Utwrz nowe konto klienta  eobuwie.pl/input_Haso_confirmation'

2020-12-30 14:07:30 - [TEST_STEP][PASSED] - click(findTestObject("Object Repository/Page_Utwrz nowe konto klienta  eobuwie.pl/svg")): Object: 'Object Repository/Page_Utwrz nowe konto klienta  eobuwie.pl/svg' is clicked on

2020-12-30 14:07:31 - [MESSAGE][PASSED] - Object: 'Object Repository/Page_Utwrz nowe konto klienta  eobuwie.pl/svg' is clicked on

2020-12-30 14:07:31 - [TEST_STEP][PASSED] - click(findTestObject("Object Repository/Page_Utwrz nowe konto klienta  eobuwie.pl/svg_1")): Object: 'Object Repository/Page_Utwrz nowe konto klienta  eobuwie.pl/svg_1' is clicked on

2020-12-30 14:07:31 - [MESSAGE][PASSED] - Object: 'Object Repository/Page_Utwrz nowe konto klienta  eobuwie.pl/svg_1' is clicked on

2020-12-30 14:07:31 - [TEST_STEP][PASSED] - click(findTestObject("Object Repository/Page_Utwrz nowe konto klienta  eobuwie.pl/button_Za nowe konto")): Object: 'Object Repository/Page_Utwrz nowe konto klienta  eobuwie.pl/button_Za nowe konto' is clicked on

2020-12-30 14:07:33 - [MESSAGE][PASSED] - Object: 'Object Repository/Page_Utwrz nowe konto klienta  eobuwie.pl/button_Za nowe konto' is clicked on

2020-12-30 14:07:33 - [TEST_STEP][PASSED] - click(findTestObject("Object Repository/Page_Moje konto  eobuwie.pl/a_Zarzdzaj adresami")): Object: 'Object Repository/Page_Moje konto  eobuwie.pl/a_Zarzdzaj adresami' is clicked on

2020-12-30 14:07:36 - [MESSAGE][PASSED] - Object: 'Object Repository/Page_Moje konto  eobuwie.pl/a_Zarzdzaj adresami' is clicked on]]></system-out>
         <system-err><![CDATA[]]></system-err>
      </testcase>
      <testcase name="Test Cases/zaliczenie6673" time="20.238" classname="Test Cases/zaliczenie6673" status="PASSED">
         <system-out><![CDATA[2020-12-30 14:07:36 - [TEST_CASE][PASSED] - Test Cases/zaliczenie6673: Test Cases/zaliczenie6673

2020-12-30 14:07:36 - [TEST_STEP][PASSED] - openBrowser(""): Browser is opened with url: ''

2020-12-30 14:07:36 - [MESSAGE][WARNING] - A browser is already opened. Closing browser and opening a new one

2020-12-30 14:07:37 - [MESSAGE][INFO] - Starting 'Firefox' driver

2020-12-30 14:07:37 - [MESSAGE][INFO] - Action delay is set to 0 milliseconds

2020-12-30 14:07:41 - [MESSAGE][PASSED] - Browser is opened with url: ''

2020-12-30 14:07:41 - [TEST_STEP][PASSED] - navigateToUrl("https://www.eobuwie.com.pl/"): Navigate to 'https://www.eobuwie.com.pl/' successfully

2020-12-30 14:07:43 - [MESSAGE][PASSED] - Navigate to 'https://www.eobuwie.com.pl/' successfully

2020-12-30 14:07:43 - [TEST_STEP][PASSED] - click(findTestObject("Object Repository/Page_Modne buty damskie, mskie, dziecice or_731cfb/button_Akceptuj")): Object: 'Object Repository/Page_Modne buty damskie, mskie, dziecice or_731cfb/button_Akceptuj' is clicked on

2020-12-30 14:07:44 - [MESSAGE][PASSED] - Object: 'Object Repository/Page_Modne buty damskie, mskie, dziecice or_731cfb/button_Akceptuj' is clicked on

2020-12-30 14:07:45 - [TEST_STEP][PASSED] - click(findTestObject("Object Repository/Page_Modne buty damskie, mskie, dziecice or_731cfb/a_Zarejestruj")): Object: 'Object Repository/Page_Modne buty damskie, mskie, dziecice or_731cfb/a_Zarejestruj' is clicked on

2020-12-30 14:07:46 - [MESSAGE][PASSED] - Object: 'Object Repository/Page_Modne buty damskie, mskie, dziecice or_731cfb/a_Zarejestruj' is clicked on

2020-12-30 14:07:46 - [TEST_STEP][PASSED] - setText(findTestObject("Object Repository/Page_Utwrz nowe konto klienta  eobuwie.pl/input_Za nowe konto_firstname"), Imie): Text 'Wojtek' is set on object 'Object Repository/Page_Utwrz nowe konto klienta  eobuwie.pl/input_Za nowe konto_firstname'

2020-12-30 14:07:47 - [MESSAGE][PASSED] - Text 'Wojtek' is set on object 'Object Repository/Page_Utwrz nowe konto klienta  eobuwie.pl/input_Za nowe konto_firstname'

2020-12-30 14:07:47 - [TEST_STEP][PASSED] - setText(findTestObject("Object Repository/Page_Utwrz nowe konto klienta  eobuwie.pl/input_Imi_lastname"), Nazwisko): Text 'Kowalski' is set on object 'Object Repository/Page_Utwrz nowe konto klienta  eobuwie.pl/input_Imi_lastname'

2020-12-30 14:07:48 - [MESSAGE][PASSED] - Text 'Kowalski' is set on object 'Object Repository/Page_Utwrz nowe konto klienta  eobuwie.pl/input_Imi_lastname'

2020-12-30 14:07:48 - [TEST_STEP][PASSED] - setText(findTestObject("Object Repository/Page_Utwrz nowe konto klienta  eobuwie.pl/input_Nazwisko_email"), Email): Text 'kowal3@onet.pl' is set on object 'Object Repository/Page_Utwrz nowe konto klienta  eobuwie.pl/input_Nazwisko_email'

2020-12-30 14:07:48 - [MESSAGE][PASSED] - Text 'kowal3@onet.pl' is set on object 'Object Repository/Page_Utwrz nowe konto klienta  eobuwie.pl/input_Nazwisko_email'

2020-12-30 14:07:48 - [TEST_STEP][PASSED] - setText(findTestObject("Object Repository/Page_Utwrz nowe konto klienta  eobuwie.pl/input_Adres e-mail_password"), Haslo): Text 'kowal85' is set on object 'Object Repository/Page_Utwrz nowe konto klienta  eobuwie.pl/input_Adres e-mail_password'

2020-12-30 14:07:49 - [MESSAGE][PASSED] - Text 'kowal85' is set on object 'Object Repository/Page_Utwrz nowe konto klienta  eobuwie.pl/input_Adres e-mail_password'

2020-12-30 14:07:49 - [TEST_STEP][PASSED] - setText(findTestObject("Object Repository/Page_Utwrz nowe konto klienta  eobuwie.pl/input_Haso_confirmation"), ReHaslo): Text 'kowal85' is set on object 'Object Repository/Page_Utwrz nowe konto klienta  eobuwie.pl/input_Haso_confirmation'

2020-12-30 14:07:50 - [MESSAGE][PASSED] - Text 'kowal85' is set on object 'Object Repository/Page_Utwrz nowe konto klienta  eobuwie.pl/input_Haso_confirmation'

2020-12-30 14:07:50 - [TEST_STEP][PASSED] - click(findTestObject("Object Repository/Page_Utwrz nowe konto klienta  eobuwie.pl/svg")): Object: 'Object Repository/Page_Utwrz nowe konto klienta  eobuwie.pl/svg' is clicked on

2020-12-30 14:07:50 - [MESSAGE][PASSED] - Object: 'Object Repository/Page_Utwrz nowe konto klienta  eobuwie.pl/svg' is clicked on

2020-12-30 14:07:50 - [TEST_STEP][PASSED] - click(findTestObject("Object Repository/Page_Utwrz nowe konto klienta  eobuwie.pl/svg_1")): Object: 'Object Repository/Page_Utwrz nowe konto klienta  eobuwie.pl/svg_1' is clicked on

2020-12-30 14:07:51 - [MESSAGE][PASSED] - Object: 'Object Repository/Page_Utwrz nowe konto klienta  eobuwie.pl/svg_1' is clicked on

2020-12-30 14:07:51 - [TEST_STEP][PASSED] - click(findTestObject("Object Repository/Page_Utwrz nowe konto klienta  eobuwie.pl/button_Za nowe konto")): Object: 'Object Repository/Page_Utwrz nowe konto klienta  eobuwie.pl/button_Za nowe konto' is clicked on

2020-12-30 14:07:54 - [MESSAGE][PASSED] - Object: 'Object Repository/Page_Utwrz nowe konto klienta  eobuwie.pl/button_Za nowe konto' is clicked on

2020-12-30 14:07:54 - [TEST_STEP][PASSED] - click(findTestObject("Object Repository/Page_Moje konto  eobuwie.pl/a_Zarzdzaj adresami")): Object: 'Object Repository/Page_Moje konto  eobuwie.pl/a_Zarzdzaj adresami' is clicked on

2020-12-30 14:07:56 - [MESSAGE][PASSED] - Object: 'Object Repository/Page_Moje konto  eobuwie.pl/a_Zarzdzaj adresami' is clicked on]]></system-out>
         <system-err><![CDATA[]]></system-err>
      </testcase>
      <system-out><![CDATA[2020-12-30 14:06:53 - [TEST_SUITE][PASSED] - Test Suite6673: Test Cases/zaliczenie6673]]></system-out>
      <system-err><![CDATA[]]></system-err>
   </testsuite>
</testsuites>
